Compiled 1 Solidity file successfully (evm target: paris).


  BackfillIdempotency (multi-day VRF stall double-execution)
Compiled 59 Solidity files successfully (evm target: paris).
BFL iter 140 (dayBumps=1, lastStage=-1): VM Exception while processing transaction: reverted with panic code 0x11 (Arithmetic operation overflowed outside of an unchecked block)
BFL psdBefore=3 psdAfter=18 delta=15 dayBumps=1 stages={"4":2,"5":138} panicked=true
    1) does NOT double-bump purchaseStartDay across a 2-day VRF stall (BFL §7.1)


  0 passing (19s)
  1 failing

  1) BackfillIdempotency (multi-day VRF stall double-execution)
       does NOT double-bump purchaseStartDay across a 2-day VRF stall (BFL §7.1):

      AssertionError: BackfillIdempotency: drain panicked (state-C bug recurrence): VM Exception while processing transaction: reverted with panic code 0x11 (Arithmetic operation overflowed outside of an unchecked block): expected true to equal false
      + expected - actual

      -true
      +false
      
      at Context.<anonymous> (file:///home/zak/Dev/PurgeGame/degenerus-audit/test/edge/BackfillIdempotency.test.js:236:27)



An unexpected error occurred:

Error: Cannot find module 'test/edge/BackfillIdempotency.test.js'
Require stack:
- /home/zak/Dev/PurgeGame/degenerus-audit/node_modules/mocha/lib/nodejs/file-unloader.js
- /home/zak/Dev/PurgeGame/degenerus-audit/node_modules/mocha/lib/mocha.js
- /home/zak/Dev/PurgeGame/degenerus-audit/node_modules/mocha/index.js
- /home/zak/Dev/PurgeGame/degenerus-audit/node_modules/hardhat/builtin-tasks/test.js
- /home/zak/Dev/PurgeGame/degenerus-audit/node_modules/hardhat/internal/core/tasks/builtin-tasks.js
- /home/zak/Dev/PurgeGame/degenerus-audit/node_modules/hardhat/internal/core/config/config-loading.js
- /home/zak/Dev/PurgeGame/degenerus-audit/node_modules/hardhat/internal/cli/cli.js
- /home/zak/Dev/PurgeGame/degenerus-audit/node_modules/hardhat/internal/cli/bootstrap.js
    at Function.Module._resolveFilename (node:internal/modules/cjs/loader:1383:15)
    at Function.resolve (node:internal/modules/helpers:157:19)
    at Object.exports.unloadFile (/home/zak/Dev/PurgeGame/degenerus-audit/node_modules/mocha/lib/nodejs/file-unloader.js:14:32)
    at Function.Mocha.unloadFile (/home/zak/Dev/PurgeGame/degenerus-audit/node_modules/mocha/lib/mocha.js:476:44)
    at /home/zak/Dev/PurgeGame/degenerus-audit/node_modules/mocha/lib/mocha.js:504:11
    at Array.forEach (<anonymous>)
    at Mocha.unloadFiles (/home/zak/Dev/PurgeGame/degenerus-audit/node_modules/mocha/lib/mocha.js:503:14)
    at Mocha.dispose (/home/zak/Dev/PurgeGame/degenerus-audit/node_modules/mocha/lib/mocha.js:632:8)
    at SimpleTaskDefinition.action (/home/zak/Dev/PurgeGame/degenerus-audit/node_modules/hardhat/src/builtin-tasks/test.ts:139:13)
    at processTicksAndRejections (node:internal/process/task_queues:105:5) {
  code: 'MODULE_NOT_FOUND',
  requireStack: [
    '/home/zak/Dev/PurgeGame/degenerus-audit/node_modules/mocha/lib/nodejs/file-unloader.js',
    '/home/zak/Dev/PurgeGame/degenerus-audit/node_modules/mocha/lib/mocha.js',
    '/home/zak/Dev/PurgeGame/degenerus-audit/node_modules/mocha/index.js',
    '/home/zak/Dev/PurgeGame/degenerus-audit/node_modules/hardhat/builtin-tasks/test.js',
    '/home/zak/Dev/PurgeGame/degenerus-audit/node_modules/hardhat/internal/core/tasks/builtin-tasks.js',
    '/home/zak/Dev/PurgeGame/degenerus-audit/node_modules/hardhat/internal/core/config/config-loading.js',
    '/home/zak/Dev/PurgeGame/degenerus-audit/node_modules/hardhat/internal/cli/cli.js',
    '/home/zak/Dev/PurgeGame/degenerus-audit/node_modules/hardhat/internal/cli/bootstrap.js'
  ]
}
