Compiled 28 Solidity files successfully (evm target: paris).


  LastPurchaseDayRace (turbo + gap-day backfill)
    targeted reproduction
Compiled 59 Solidity files successfully (evm target: paris).
Final: lvl=0 lpd=true lock=false jp=false stages={"4":16,"5":134,"6":1}
      ✔ does NOT panic when turbo conditions become true after gap-day backfill (19574ms)
    multi-day-drain (testnet exact pattern)
Multi-day drain stages: {"4":16,"5":138,"6":1} dayBumps=1
      ✔ does NOT panic when drain spans multiple days with prior cycles (2697ms)
    direct-state invariant (disabled)
      - with the bug state forced via setStorageAt, advanceGame does not panic
    stress (no panic ever)
      ✔ survives 30 randomised advance/mint/skip cycles without panic (175ms)
    regression: normal turbo path still works
      ✔ turbo (tier=2) fires when target met before any advance and no VRF in flight (209ms)


  4 passing (23s)
  1 pending

An unexpected error occurred:

Error: Cannot find module 'test/edge/LastPurchaseDayRace.test.js'
Require stack:
- /home/zak/Dev/PurgeGame/degenerus-audit/node_modules/mocha/lib/nodejs/file-unloader.js
- /home/zak/Dev/PurgeGame/degenerus-audit/node_modules/mocha/lib/mocha.js
- /home/zak/Dev/PurgeGame/degenerus-audit/node_modules/mocha/index.js
- /home/zak/Dev/PurgeGame/degenerus-audit/node_modules/hardhat/builtin-tasks/test.js
- /home/zak/Dev/PurgeGame/degenerus-audit/node_modules/hardhat/internal/core/tasks/builtin-tasks.js
- /home/zak/Dev/PurgeGame/degenerus-audit/node_modules/hardhat/internal/core/config/config-loading.js
- /home/zak/Dev/PurgeGame/degenerus-audit/node_modules/hardhat/internal/cli/cli.js
- /home/zak/Dev/PurgeGame/degenerus-audit/node_modules/hardhat/internal/cli/bootstrap.js
    at Function.Module._resolveFilename (node:internal/modules/cjs/loader:1383:15)
    at Function.resolve (node:internal/modules/helpers:157:19)
    at Object.exports.unloadFile (/home/zak/Dev/PurgeGame/degenerus-audit/node_modules/mocha/lib/nodejs/file-unloader.js:14:32)
    at Function.Mocha.unloadFile (/home/zak/Dev/PurgeGame/degenerus-audit/node_modules/mocha/lib/mocha.js:476:44)
    at /home/zak/Dev/PurgeGame/degenerus-audit/node_modules/mocha/lib/mocha.js:504:11
    at Array.forEach (<anonymous>)
    at Mocha.unloadFiles (/home/zak/Dev/PurgeGame/degenerus-audit/node_modules/mocha/lib/mocha.js:503:14)
    at Mocha.dispose (/home/zak/Dev/PurgeGame/degenerus-audit/node_modules/mocha/lib/mocha.js:632:8)
    at SimpleTaskDefinition.action (/home/zak/Dev/PurgeGame/degenerus-audit/node_modules/hardhat/src/builtin-tasks/test.ts:139:13)
    at processTicksAndRejections (node:internal/process/task_queues:105:5) {
  code: 'MODULE_NOT_FOUND',
  requireStack: [
    '/home/zak/Dev/PurgeGame/degenerus-audit/node_modules/mocha/lib/nodejs/file-unloader.js',
    '/home/zak/Dev/PurgeGame/degenerus-audit/node_modules/mocha/lib/mocha.js',
    '/home/zak/Dev/PurgeGame/degenerus-audit/node_modules/mocha/index.js',
    '/home/zak/Dev/PurgeGame/degenerus-audit/node_modules/hardhat/builtin-tasks/test.js',
    '/home/zak/Dev/PurgeGame/degenerus-audit/node_modules/hardhat/internal/core/tasks/builtin-tasks.js',
    '/home/zak/Dev/PurgeGame/degenerus-audit/node_modules/hardhat/internal/core/config/config-loading.js',
    '/home/zak/Dev/PurgeGame/degenerus-audit/node_modules/hardhat/internal/cli/cli.js',
    '/home/zak/Dev/PurgeGame/degenerus-audit/node_modules/hardhat/internal/cli/bootstrap.js'
  ]
}
