=== BUILD + SIZES ===
   --> test/fuzz/DegeneretteFreezeResolution.t.sol:931:9:
   --> test/fuzz/DegeneretteFreezeResolution.t.sol:932:9:
   --> test/fuzz/DegeneretteFreezeResolution.t.sol:929:5:
   --> test/fuzz/DegeneretteFreezeResolution.t.sol:970:5:
    --> test/fuzz/DegeneretteFreezeResolution.t.sol:1018:5:
    --> test/fuzz/DegeneretteFreezeResolution.t.sol:1045:5:
    --> test/fuzz/DegeneretteFreezeResolution.t.sol:1091:5:
   --> test/fuzz/DegeneretteHeroScore.t.sol:598:5:
   --> test/fuzz/DegeneretteHeroScore.t.sol:802:5:
   --> test/fuzz/DegeneretteResolveRepeg.t.sol:570:5:
   --> test/fuzz/DegeneretteResolveRepeg.t.sol:658:5:
1170 |     function _tryPlaceDegeneretteBet(address player) internal returns (bool) {
1175 |     function _tryResolveDegeneretteBets(address player) internal {
| DegenerusGame                                                 | 21,221           | 21,578            | 3,355              | 27,574              |
| DegenerusGameDegeneretteModule                                | 15,227           | 15,300            | 9,349              | 33,852              |
| DegenerusGameFoilPackModule                                   | 10,308           | 10,381            | 14,268             | 38,771              |
| DegenerusGameMintModule                                       | 23,823           | 23,896            | 753                | 25,256              |
    ╭▸ contracts/modules/DegenerusGameFoilPackModule.sol:194:33
    ╭▸ contracts/modules/DegenerusGameFoilPackModule.sol:196:30
    ╭▸ contracts/modules/DegenerusGameFoilPackModule.sol:207:25
BUILD rc=0
=== TEST ===
[PASS] testBafFarFutureSeedRngLocked() (gas: 876376308)
[PASS] testBafFarFutureTicketsNoRevert(uint256) (runs: 1000, μ: 870684880, ~: 871202447)
Suite result: ok. 6 passed; 0 failed; 0 skipped; finished in 63.45s (63.43s CPU time)

Ran 136 test suites in 63.78s (1545.18s CPU time): 942 tests passed, 0 failed, 108 skipped (1050 total tests)
TEST rc=0
