campaign-v63 START 2026-06-15T08:03:06Z HEAD=2bbda9c1 subject=a8b702a7
campaign TRAP_EXIT 2026-06-15T08:03:06Z
campaign-v63 START 2026-06-15T08:12:15Z HEAD=865a780e subject=a8b702a7
BitPackingLib BASELINE_CHECK 2026-06-15T08:12:15Z
BitPackingLib BASELINE_BAD(no-tests-or-red) abort-target 2026-06-15T08:13:23Z
Suite result: ok. 5 passed; 0 failed; 0 skipped; finished in 484.84ms (1.09s CPU time)
Suite result: ok. 4 passed; 0 failed; 0 skipped; finished in 616.99ms (942.32ms CPU time)
Suite result: ok. 4 passed; 0 failed; 0 skipped; finished in 1.22s (1.41s CPU time)
Suite result: ok. 25 passed; 0 failed; 0 skipped; finished in 1.23s (904.13µs CPU time)
Suite result: ok. 11 passed; 0 failed; 0 skipped; finished in 1.23s (37.84ms CPU time)
Suite result: ok. 5 passed; 0 failed; 0 skipped; finished in 1.23s (2.86ms CPU time)
Suite result: ok. 18 passed; 0 failed; 0 skipped; finished in 1.23s (5.60s CPU time)
Suite result: ok. 16 passed; 0 failed; 0 skipped; finished in 1.23s (10.39s CPU time)
campaign-v63 SINGLE-END BitPackingLib 2026-06-15T08:13:23Z
campaign TRAP_EXIT 2026-06-15T08:13:23Z
campaign-v63 START 2026-06-15T08:19:45Z HEAD=f94287e4 subject=a8b702a7
BitPackingLib BASELINE_CHECK 2026-06-15T08:19:45Z
BitPackingLib BASELINE_BAD(no-tests-or-red) abort-target 2026-06-15T08:19:48Z
Suite result: ok. 5 passed; 0 failed; 0 skipped; finished in 6.93ms (2.26ms CPU time)
Suite result: ok. 4 passed; 0 failed; 0 skipped; finished in 631.00ms (1.25s CPU time)
Suite result: ok. 11 passed; 0 failed; 0 skipped; finished in 1.18s (32.06ms CPU time)
Suite result: ok. 8 passed; 0 failed; 0 skipped; finished in 1.20s (42.27ms CPU time)
Suite result: ok. 5 passed; 0 failed; 0 skipped; finished in 1.20s (1.20s CPU time)
Suite result: ok. 18 passed; 0 failed; 0 skipped; finished in 1.20s (5.32s CPU time)
Suite result: ok. 4 passed; 0 failed; 0 skipped; finished in 1.20s (1.02s CPU time)
Suite result: ok. 16 passed; 0 failed; 0 skipped; finished in 1.20s (10.63s CPU time)
campaign-v63 SINGLE-END BitPackingLib 2026-06-15T08:19:48Z
campaign TRAP_EXIT 2026-06-15T08:19:48Z
campaign-v63 START 2026-06-15T08:20:42Z HEAD=f94287e4 subject=a8b702a7
BitPackingLib BASELINE_CHECK 2026-06-15T08:20:42Z
BitPackingLib BASELINE_BAD(no-tests-or-red) abort-target 2026-06-15T08:20:45Z
Suite result: ok. 4 passed; 0 failed; 0 skipped; finished in 703.84ms (1.39s CPU time)
Suite result: ok. 4 passed; 0 failed; 0 skipped; finished in 1.13s (893.89ms CPU time)
Suite result: ok. 8 passed; 0 failed; 0 skipped; finished in 1.18s (49.27ms CPU time)
Suite result: ok. 18 passed; 0 failed; 0 skipped; finished in 1.19s (5.63s CPU time)
Suite result: ok. 11 passed; 0 failed; 0 skipped; finished in 1.19s (23.05ms CPU time)
Suite result: ok. 5 passed; 0 failed; 0 skipped; finished in 1.19s (2.26ms CPU time)
Suite result: ok. 16 passed; 0 failed; 0 skipped; finished in 1.19s (10.58s CPU time)
Suite result: ok. 5 passed; 0 failed; 0 skipped; finished in 1.19s (1.14s CPU time)
campaign-v63 SINGLE-END BitPackingLib 2026-06-15T08:20:45Z
campaign TRAP_EXIT 2026-06-15T08:20:45Z
campaign-v63 START 2026-06-15T08:21:14Z HEAD=f94287e4 subject=a8b702a7
BitPackingLib BASELINE_CHECK 2026-06-15T08:21:14Z
BitPackingLib BASELINE_BAD(no-tests-or-red) abort-target 2026-06-15T08:21:17Z
Suite result: ok. 25 passed; 0 failed; 0 skipped; finished in 35.41ms (1.06ms CPU time)
Suite result: ok. 8 passed; 0 failed; 0 skipped; finished in 262.38ms (43.98ms CPU time)
Suite result: ok. 5 passed; 0 failed; 0 skipped; finished in 381.18ms (1.10s CPU time)
Suite result: ok. 4 passed; 0 failed; 0 skipped; finished in 517.43ms (936.72ms CPU time)
Suite result: ok. 4 passed; 0 failed; 0 skipped; finished in 746.99ms (1.38s CPU time)
Suite result: ok. 18 passed; 0 failed; 0 skipped; finished in 990.55ms (5.14s CPU time)
Suite result: ok. 11 passed; 0 failed; 0 skipped; finished in 1.01s (24.80ms CPU time)
Suite result: ok. 16 passed; 0 failed; 0 skipped; finished in 1.01s (8.92s CPU time)
campaign-v63 SINGLE-END BitPackingLib 2026-06-15T08:21:17Z
campaign TRAP_EXIT 2026-06-15T08:21:17Z
campaign-v63 START 2026-06-15T08:22:27Z HEAD=f94287e4 subject=a8b702a7
BitPackingLib BASELINE_CHECK 2026-06-15T08:22:27Z
BitPackingLib MUTATE_START 2026-06-15T08:22:30Z src=contracts/libraries/BitPackingLib.sol
BitPackingLib DONE killed=109 uncaught=55 elapsed=4219s 2026-06-15T09:32:49Z
campaign-v63 SINGLE-END BitPackingLib 2026-06-15T09:32:49Z
campaign TRAP_EXIT 2026-06-15T09:32:49Z
campaign-v63 START 2026-06-15T09:33:40Z HEAD=f94287e4 subject=a8b702a7
DegenerusGameStorage BASELINE_CHECK 2026-06-15T09:33:40Z
campaign TRAP_EXIT 2026-06-15T09:34:48Z
DegenerusGameStorage MUTATE_START 2026-06-15T09:34:48Z src=contracts/storage/DegenerusGameStorage.sol
campaign-v63 START 2026-06-15T09:36:41Z HEAD=f94287e4 subject=a8b702a7
DegenerusGameStorage BASELINE_CHECK 2026-06-15T09:36:41Z
DegenerusGameStorage MUTATE_START 2026-06-15T09:37:52Z src=contracts/storage/DegenerusGameStorage.sol
campaign TRAP_EXIT 2026-06-15T09:39:47Z
campaign TRAP_EXIT 2026-06-15T09:39:47Z
DegenerusGameStorage DONE killed=2 uncaught=2 elapsed=115s 2026-06-15T09:39:47Z
DegenerusGameStorage DONE killed=2 uncaught=2 elapsed=299s 2026-06-15T09:39:47Z
campaign-v63 SINGLE-END DegenerusGameStorage 2026-06-15T09:39:47Z
campaign-v63 SINGLE-END DegenerusGameStorage 2026-06-15T09:39:47Z
campaign TRAP_EXIT 2026-06-15T09:39:47Z
campaign TRAP_EXIT 2026-06-15T09:39:47Z
campaign-v63 START 2026-06-15T09:48:32Z HEAD=862e543a subject=a8b702a7
StakedDegenerusStonk BASELINE_CHECK 2026-06-15T09:48:32Z
StakedDegenerusStonk MUTATE_START 2026-06-15T09:49:42Z src=contracts/StakedDegenerusStonk.sol
campaign TRAP_EXIT 2026-06-15T12:47:54Z
StakedDegenerusStonk DONE killed=152 uncaught=78 elapsed=10692s 2026-06-15T12:47:54Z
campaign-v63 SINGLE-END StakedDegenerusStonk 2026-06-15T12:47:54Z
campaign TRAP_EXIT 2026-06-15T12:47:54Z
