## Phase 77: Jackpot Combined Pool + TQ-01 Fix Complete

**Waves:** 1 | **Plans:** 1/1 complete

| Wave | Plans | Status |
|------|-------|--------|
| 1    | 77-01 | Complete |

### Plan Details
1. **77-01**: Combined pool winner selection in `_awardFarFutureCoinJackpot` — reads frozen read buffer + FF key, eliminates TQ-01 vulnerability. 8 Foundry tests proving JACK-01/JACK-02/EDGE-03.

### Verification
- 5/5 must-haves verified
- 29/29 regression tests pass (Phase 75: 12, Phase 76: 9, Phase 77: 8)
- TQ-01 (MEDIUM) resolved — `_tqWriteKey` count in function: 0

### Issues Encountered
None.

### Commits
- `e916e914` test(77-01): add failing tests for combined pool jackpot selection
- `7dd5002a` feat(77-01): implement dual-queue combined pool in _awardFarFutureCoinJackpot
- `7c37a990` docs(77-01): complete jackpot combined pool + TQ-01 fix plan
- `d3607d35` docs(phase-77): complete phase execution
- `17070fb4` docs(phase-77): evolve PROJECT.md — TQ-01 resolved

AUTOPILOT_STATUS: PHASE_COMPLETE
