Now returning the completion status as required by `--no-transition`.

━━━━━━━━━━━━━━━━━━━━━━━━━━━━━━━━━━━━━━━━━━━━━━━━━━━━━
 GSD ► PHASE 38 COMPLETE ✓
━━━━━━━━━━━━━━━━━━━━━━━━━━━━━━━━━━━━━━━━━━━━━━━━━━━━━

## PHASE COMPLETE

Phase: 38 - RNG Delta Security
Plans: 2/2
Verification: Passed (5/5 success criteria)

### Results

| Wave | Plans | Status |
|------|-------|--------|
| 1 | 38-01 | ✓ Complete |
| 2 | 38-02 | ✓ Complete |

**Verdicts:**
- RNG-01 (Carry Isolation): **SAFE** — `autoRebuyCarry` isolated by `rebuyActive` branching
- RNG-02 (BAF Guard): **SAFE** — 7-condition epoch guard sufficient, sDGNRS doubly excluded
- RNG-03 (Decimator Persistence): **SAFE** — double-claim prevention intact, ETH accounting independent per round
- RNG-04 (Cross-Contract Matrix): **SAFE** — 18 consumers inventoried, no consumer assumed claims were blocked

**Findings:** 0 HIGH, 0 MEDIUM, 3 LOW (stale NatSpec), 1 INFO (UX inconsistency)
**Primary deliverable:** `audit/v3.2-rng-delta-findings.md`

AUTOPILOT_STATUS: PHASE_COMPLETE
