Auto-advance is NOT applicable here — the autopilot task explicitly says to execute ONLY Phase 24. Phase is complete.

━━━━━━━━━━━━━━━━━━━━━━━━━━━━━━━━━━━━━━━━━━━━━━━━━━━━━
 GSD ► PHASE 24 COMPLETE ✓
━━━━━━━━━━━━━━━━━━━━━━━━━━━━━━━━━━━━━━━━━━━━━━━━━━━━━

## ✓ Phase 24: Core Governance Security Audit

**Plans:** 8/8 | **Verdicts:** 26/26 | **Verification:** Passed

| Wave | Plans | Status |
|------|-------|--------|
| 1 | 24-01 | ✓ Complete |
| 2 | 24-02, 24-03, 24-04, 24-05 | ✓ Complete |
| 3 | 24-06 | ✓ Complete |
| 4 | 24-07 | ✓ Complete |
| 5 | 24-08 | ✓ Complete |

### Verdict Summary

| Category | IDs | Findings |
|----------|-----|----------|
| Storage/Access | GOV-01 to GOV-10 | 9 PASS, 1 KNOWN-ISSUE (GOV-07 CEI Low) |
| Cross-Contract | XCON-01 to XCON-05 | 5 PASS (XCON-03 INFO boundary) |
| Vote Integrity | VOTE-01 to VOTE-03 | 2 PASS, 1 KNOWN-ISSUE (VOTE-03 uint8 Low) |
| War Games | WAR-01 to WAR-06 | 3 PASS, 3 KNOWN-ISSUE (WAR-01/02 Medium, WAR-06 Low) |
| M-02 Closure | M02-01, M02-02 | PASS — severity downgraded Medium → Low |

### Known Issues (5)
1. **GOV-07** (Low): `_executeSwap` CEI violation — theoretical sibling-proposal reentrancy
2. **VOTE-03** (Low): uint8 overflow at 256 proposals wraps `activeProposalCount` to 0
3. **WAR-01** (Medium): Compromised admin key requires DGVE + sDGNRS + 7-day community absence
4. **WAR-02** (Medium): Colluding cartel at 5% threshold feasible with concentrated holdings
5. **WAR-06** (Low): Admin spam-propose gas griefing — no per-proposer cooldown

---

`/gsd:progress` — see updated roadmap
`/gsd:execute-phase 25` — execute next phase (audit doc sync)

AUTOPILOT_STATUS: PHASE_COMPLETE
