Now let me produce the aggregate results.

## Phase 82: Ticket Processing Mechanics — Execution Complete

**Waves:** 2 | **Plans:** 2/2 complete

| Wave | Plans | Status |
|------|-------|--------|
| 1 | 82-01 | ✓ Complete |
| 2 | 82-02 | ✓ Complete |

### Plan Details
1. **82-01**: Traced processTicketBatch (JM:1889) and processFutureTicketBatch (MM:298) entry points with all 5 advanceGame triggers, complete RNG word derivation chain from VRF callback through LCG PRNG to traitFromWord — 241 file:line citations, two distinct entropy sources explicitly distinguished
2. **82-02**: Cursor state machine documented (30 write + 13 read sites), traitBurnTicket assembly write pattern verified at slot 11, 13 v3.8 claims cross-referenced yielding 4 discrepancies — 6 INFO findings (P82-01 through P82-06), consolidated findings updated to 92 total

### Issues Encountered
None

━━━━━━━━━━━━━━━━━━━━━━━━━━━━━━━━━━━━━━━━━━━━━━━━━━━━━
 GSD ► PHASE 82 COMPLETE ✓
━━━━━━━━━━━━━━━━━━━━━━━━━━━━━━━━━━━━━━━━━━━━━━━━━━━━━

## ✓ Phase 82: Ticket Processing Mechanics Complete

/gsd:progress — see updated roadmap
/gsd:discuss-phase 83 — discuss next phase before planning
/gsd:plan-phase 83 — plan next phase
/gsd:execute-phase 83 — execute next phase

AUTOPILOT_STATUS: PHASE_COMPLETE
