Good — no contract files modified (flag-only phase confirmed).

━━━━━━━━━━━━━━━━━━━━━━━━━━━━━━━━━━━━━━━━━━━━━━━━━━━━━
 GSD ► PHASE 33 COMPLETE ✓
━━━━━━━━━━━━━━━━━━━━━━━━━━━━━━━━━━━━━━━━━━━━━━━━━━━━━

**Phase 33: Game Modules Batch B** — 3/3 plans, 2 waves, all verified

| Contract | CMT | DRIFT | Total |
|----------|-----|-------|-------|
| JackpotModule (2,795 lines) | 6 | 0 | 6 |
| DecimatorModule (1,027 lines) | 5 | 0 | 5 |
| EndgameModule (540 lines) | 3 | 0 | 3 |
| GameOverModule (232 lines) | 0 | 1 | 1 |
| AdvanceModule (1,383 lines) | 2 | 0 | 2 |
| **Total** | **16** | **1** | **17** |

**Key findings:**
- DRIFT-003: GO-05-F01 `_sendToVault` hard-revert risk still absent from GameOverModule NatSpec
- CMT-026: payDailyJackpot NatSpec misattached to runTerminalJackpot
- CMT-039: AdvanceModule delegatecall header omits GAME_GAMEOVER_MODULE, lists unused modules
- All 4 post-Phase-29 commits independently verified clean

**Cumulative v3.1 progress:** 43 findings across 15 contracts (Phases 31-33)

**Deliverable:** `audit/v3.1-findings-33-game-modules-batch-b.md`

AUTOPILOT_STATUS: PHASE_COMPLETE
