━━━━━━━━━━━━━━━━━━━━━━━━━━━━━━━━━━━━━━━━━━━━━━━━━━━━━
 GSD ► PHASE 83 COMPLETE ✓
━━━━━━━━━━━━━━━━━━━━━━━━━━━━━━━━━━━━━━━━━━━━━━━━━━━━━

## Phase 83: Ticket Consumption & Winner Selection — Execution Complete

**Waves:** 2 | **Plans:** 2/2 complete

| Wave | Plans | Status |
|------|-------|--------|
| 1 | 83-01 | ✓ Complete |
| 2 | 83-02 | ✓ Complete |

### Plan Details
1. **83-01**: Enumerated all ticketQueue reads (20 sites, 2 winner-selection) and traitBurnTicket reads (14 sites, 6 winner-selection callers) with verified file:line citations
2. **83-02**: Documented winner index computation for all 9 jackpot types, traced RNG derivation chains, cross-referenced 23 prior audit claims (15 CONFIRMED, 6 DISCREPANCY, 2 STALE), 0 new findings

### Verification
- All 4 TCON requirements SATISFIED
- All 17 citation spot-checks EXACT (1 immaterial 1-line drift)
- All 10 quantitative thresholds PASS
- 2 human verification items flagged (formula math correctness, cross-reference accuracy)

### Issues Encountered
None

---

## ▶ Next Up

**Phase 84: Prize Pool Flow & currentPrizePool Deep Dive**

`/gsd:discuss-phase 84` — discuss next phase before planning
`/gsd:plan-phase 84` — plan next phase
`/gsd:execute-phase 84` — execute next phase

AUTOPILOT_STATUS: PHASE_COMPLETE
