Planning directory is gitignored — expected.

━━━━━━━━━━━━━━━━━━━━━━━━━━━━━━━━━━━━━━━━━━━━━━━━━━━━━
 GSD ► PHASE 62 COMPLETE ✓
━━━━━━━━━━━━━━━━━━━━━━━━━━━━━━━━━━━━━━━━━━━━━━━━━━━━━

## ✓ Phase 62: Audit + Consolidated Findings Complete

**Waves:** 2 | **Plans:** 2/2 complete | **Verification:** Passed (2/2 must-haves)

| Wave | Plans | Status |
|------|-------|--------|
| 1 | 62-01 (Delta Security Audit) | ✓ Complete |
| 2 | 62-02 (Consolidated Findings) | ✓ Complete |

**Key Results:**
- 8 attack surfaces audited — all SAFE
- 0 HIGH/MEDIUM/LOW findings
- 2 INFO findings (V36-001, V36-002) in master table
- KNOWN-ISSUES.md updated for automatic VRF recovery
- FINAL-FINDINGS-REPORT.md availability assessment updated
- 78 prior findings carried forward by reference
- 3/3 stall resilience tests passing (regression gate)

**This is the last phase of v3.6 VRF Stall Resilience.**

AUTOPILOT_STATUS: PHASE_COMPLETE
