Phase 91 is the last phase — no next phase to advance to. v4.0 milestone is complete.

━━━━━━━━━━━━━━━━━━━━━━━━━━━━━━━━━━━━━━━━━━━━━━━━━━━━━
 GSD ► PHASE 91 COMPLETE ✓
━━━━━━━━━━━━━━━━━━━━━━━━━━━━━━━━━━━━━━━━━━━━━━━━━━━━━

## ✓ Phase 91: consolidated-findings-rewrite Complete

**Waves:** 2 | **Plans:** 3/3 complete | **Verification:** Passed (7/7 must-haves)

| Wave | Plans | Status |
|------|-------|--------|
| 1 | 91-01, 91-02 | ✓ Complete |
| 2 | 91-03 | ✓ Complete |

### Deliverables
1. **91-01**: `audit/v4.0-findings-consolidated.md` — FINAL, 51 INFO findings across 8 phases, grand total 134
2. **91-02**: `audit/KNOWN-ISSUES.md` — v4.0 entry updated with full 8-phase coverage, DEC-01/DGN-01 withdrawals
3. **91-03**: `89-VERIFICATION.md` — 6-dimension cross-phase consistency check, all PASS

### Requirements Satisfied
- **CFND-01**: All v4.0 findings deduplicated and severity-ranked ✓
- **CFND-02**: KNOWN-ISSUES.md updated with complete v4.0 audit history ✓
- **CFND-03**: Cross-phase consistency verified across all 8 phases ✓

**v4.0 milestone is the last phase.** No further phases to execute.

`/gsd:progress` — see final milestone status
`/gsd:complete-milestone` — archive v4.0 milestone

AUTOPILOT_STATUS: PHASE_COMPLETE
