Now returning to the parent (plan-phase) with completion status since `--no-transition` is set.

━━━━━━━━━━━━━━━━━━━━━━━━━━━━━━━━━━━━━━━━━━━━━━━━━━━━━
 GSD ► PHASE 74 COMPLETE ✓
━━━━━━━━━━━━━━━━━━━━━━━━━━━━━━━━━━━━━━━━━━━━━━━━━━━━━

## Phase 74: Storage Foundation — Execution Summary

**Waves:** 1 | **Plans:** 1/1 complete | **Verification:** Passed (4/4 must-haves)

| Wave | Plans | Status |
|------|-------|--------|
| 1 | 74-01 | ✓ Complete |

### Plan Details
1. **74-01**: Added `TICKET_FAR_FUTURE_BIT` constant (1 << 22) and `_tqFarFutureKey(lvl)` pure helper to DegenerusGameStorage.sol. 5 Foundry fuzz tests prove three-way key space collision-freedom across all valid level values under both ticketWriteSlot states.

### Requirements Satisfied
- **STORE-01**: TICKET_FAR_FUTURE_BIT constant and _tqFarFutureKey helper exist
- **STORE-02**: Three key spaces provably non-colliding (fuzz-verified, 1000 runs per test)

### Key Artifacts
- `contracts/storage/DegenerusGameStorage.sol` — constant at line 162, helper at lines 715-721
- `test/fuzz/TqFarFutureKey.t.sol` — 5 tests (2 unit + 3 fuzz)

### Issues Encountered
None.

AUTOPILOT_STATUS: PHASE_COMPLETE
