All traceability is correct вЂ” INV-01, INV-02, INV-03 all marked Complete in Phase 52.

в”Ѓв”Ѓв”Ѓв”Ѓв”Ѓв”Ѓв”Ѓв”Ѓв”Ѓв”Ѓв”Ѓв”Ѓв”Ѓв”Ѓв”Ѓв”Ѓв”Ѓв”Ѓв”Ѓв”Ѓв”Ѓв”Ѓв”Ѓв”Ѓв”Ѓв”Ѓв”Ѓв”Ѓв”Ѓв”Ѓв”Ѓв”Ѓв”Ѓв”Ѓв”Ѓв”Ѓв”Ѓв”Ѓв”Ѓв”Ѓв”Ѓв”Ѓв”Ѓв”Ѓв”Ѓв”Ѓв”Ѓв”Ѓв”Ѓв”Ѓв”Ѓв”Ѓв”Ѓ
 GSD в–є PHASE 52 COMPLETE вњ“
в”Ѓв”Ѓв”Ѓв”Ѓв”Ѓв”Ѓв”Ѓв”Ѓв”Ѓв”Ѓв”Ѓв”Ѓв”Ѓв”Ѓв”Ѓв”Ѓв”Ѓв”Ѓв”Ѓв”Ѓв”Ѓв”Ѓв”Ѓв”Ѓв”Ѓв”Ѓв”Ѓв”Ѓв”Ѓв”Ѓв”Ѓв”Ѓв”Ѓв”Ѓв”Ѓв”Ѓв”Ѓв”Ѓв”Ѓв”Ѓв”Ѓв”Ѓв”Ѓв”Ѓв”Ѓв”Ѓв”Ѓв”Ѓв”Ѓв”Ѓв”Ѓв”Ѓв”Ѓ

## Phase 52: Invariant Test Suite вЂ” 2 plans, 1 wave

| Wave | Plans | Status |
|------|-------|--------|
| 1 | 52-01, 52-02 | вњ“ Complete |

### Plan Details
1. **52-01**: 4 named fuzz tests for skim conservation (INV-01) and take cap (INV-02) added to FuturepoolSkim.t.sol вЂ” 26/26 tests pass
2. **52-02**: 3 arithmetic fuzz tests in RedemptionSplit.t.sol + lifecycle invariant via RedemptionHandler ghost variables вЂ” 11/11 invariants pass

### Tests Summary
- **INV-01**: `testFuzz_INV01_conservation` (1000 runs), `testFuzz_INV01_conservation_level1Bootstrap` (1000 runs) вЂ” includes level-1 edge case from Phase 50 F-50-03
- **INV-02**: `testFuzz_INV02_takeCap` (1000 runs), `testFuzz_INV02_takeCap_extremeOvershoot` (1000 runs) вЂ” R=50, lvl=9, 90-day stale extreme case
- **INV-03**: 3 arithmetic fuzz tests (3001 runs total) + `invariant_lootboxSplitConservation` (256 runs, 32768 calls, 0 reverts)

### Verification
Score: 6/6 must-haves verified. All requirement IDs (INV-01, INV-02, INV-03) accounted for.

### Issues Encountered
None вЂ” 2 minor auto-fixes in plan 52-02 (assertion direction, Solidity tuple syntax).

AUTOPILOT_STATUS: PHASE_COMPLETE
