Worktree cleanup had a submodule issue — non-blocking. The branch is already merged.

## PHASE COMPLETE

Phase: 75 - Ticket Routing + RNG Guard
Plans: 1/1
Verification: Passed (7/7 must-haves)

## Phase 75: Ticket Routing + RNG Guard — Execution Complete

**Waves:** 1 | **Plans:** 1/1 complete

| Wave | Plans | Status |
|------|-------|--------|
| 1 | 75-01 | Complete |

### Plan Details
1. **75-01**: Far-future routing + RNG guard in `_queueTickets`, `_queueTicketsScaled`, `_queueTicketRange` — 12 Foundry tests, all passing

### What Was Built
- Tickets targeting `>level+6` now route to `_tqFarFutureKey` (persistent FF key space) instead of `_tqWriteKey`
- Tickets targeting `<=level+6` continue routing to `_tqWriteKey` unchanged
- RNG guard reverts with `RngLocked()` for permissionless FF writes during VRF commitment window
- `phaseTransitionActive` exemption allows advanceGame vault perpetual tickets through
- `_queueTicketRange` caches `level` outside loop for gas efficiency

### Tests
- 12/12 routing + guard tests pass
- 5/5 Phase 74 collision tests pass (no regression)
- 58/58 contracts compile cleanly

### Issues Encountered
- `error RngLocked()` consolidated in base contract (auto-fixed duplicate declaration across inheriting contracts)

AUTOPILOT_STATUS: PHASE_COMPLETE
