━━━━━━━━━━━━━━━━━━━━━━━━━━━━━━━━━━━━━━━━━━━━━━━━━━━━━
 GSD ► PHASE 39 COMPLETE ✓
━━━━━━━━━━━━━━━━━━━━━━━━━━━━━━━━━━━━━━━━━━━━━━━━━━━━━

**Phase 39: Comment Scan -- Game Modules** — 4/4 plans, 2 waves, verification passed

### Results
- **12 module files audited** (11,438 lines, 241 functions)
- **31/31 v3.1 fixes verified** (28 PASS, 1 PARTIAL, 1 FAIL, 1 NOT FIXED)
- **7 new findings** (2 LOW, 5 INFO)
- **Deliverable:** `audit/v3.2-findings-39-game-modules.md`

### Key Findings
| ID | Severity | Contract | Issue |
|----|----------|----------|-------|
| CMT-V32-001 | LOW | JackpotModule | @return ticketSpent describes wrong conversion type and pool |
| DRIFT-V32-001 | LOW | GameOverModule | _sendToVault hard-revert consequence undocumented (re-report of DRIFT-003) |
| CMT-V32-002 | INFO | JackpotModule | "BURNIE only" comment inaccurate for non-day-1 levels |
| CMT-V32-003 | INFO | LootboxModule | PlayerCredited missing @param recipient |
| CMT-V32-004 | INFO | AdvanceModule | wireVrf missing @param keyHash_ |
| CMT-V32-005 | INFO | MintModule | @return writesUsed describes entries vs write-budget units |
| CMT-V32-006 | INFO | DecimatorModule | "or expired" stale after expiry removal |

AUTOPILOT_STATUS: PHASE_COMPLETE
