━━━━━━━━━━━━━━━━━━━━━━━━━━━━━━━━━━━━━━━━━━━━━━━━━━━━━
 GSD ► PHASE 49 COMPLETE ✓
━━━━━━━━━━━━━━━━━━━━━━━━━━━━━━━━━━━━━━━━━━━━━━━━━━━━━

## Phase 49: Milestone Cleanup — Execution Complete

**Waves:** 1 | **Plans:** 2/2 complete | **Verification:** Passed (8/8)

| Wave | Plans | Status |
|------|-------|--------|
| 1 | 49-01, 49-02 | ✓ Complete |

### Plan Details
1. **49-01**: Fixed stale line references in BIT ALLOCATION MAP (5 consumers + 2 cross-refs), v3.3 addendum (rngGate:795, _gameOverEntropy:858/887), ~50 gas analysis refs. Removed 46-01 spurious Phase 47 dependency.
2. **49-02**: Activated ghost_totalBurnieClaimed with balance-delta tracking, added invariant_burnieClaimedMonotonic. 7/7 gas tests pass, 10/10 invariant tests pass, 0 new regressions.

### Issues Encountered
None.

### All 8 Success Criteria Verified
1. ✓ BIT ALLOCATION MAP — correct line numbers
2. ✓ v3.3 addendum — correct line numbers
3. ✓ Gas tests — 7/7 pass
4. ✓ Full build + test — baseline unchanged
5. ✓ BURNIE claimed invariant — active and passing
6. ✓ Gas analysis refs — updated
7. ✓ 48-01 requirements_completed — populated
8. ✓ 46-01 dependency — removed

**This is the last phase of v3.3.** Milestone is ready for `/gsd:complete-milestone`.

AUTOPILOT_STATUS: PHASE_COMPLETE
