## Phase 51: Redemption Lootbox Audit — Execution Complete

**Waves:** 1 | **Plans:** 4/4 complete

| Wave | Plans | Status |
|------|-------|--------|
| 1 | 51-01, 51-02, 51-03, 51-04 | ✓ Complete |

### Plan Details
1. **51-01**: REDM-01 SAFE, REDM-02 SAFE — 50/50 split conservation proven, gameOver bypass verified
2. **51-02**: REDM-03 SAFE, REDM-05 SAFE — 160 ETH daily cap enforced, slot packing correct (256 bits)
3. **51-03**: REDM-04 SAFE — Activity score snapshot immutable, 9/9 sub-findings passed
4. **51-04**: REDM-06 SAFE (1 MEDIUM sub-finding: unchecked underflow), REDM-07 SAFE — Access control verified

### Findings Summary
| Severity | Count | Details |
|----------|-------|---------|
| MEDIUM | 1 | REDM-06-A: unchecked subtraction in claimableWinnings can underflow |
| INFO | 2 | Rounding dust in pendingRedemptionEthValue; burnieOwed lacks explicit uint96 cap |

### Issues Encountered
None — all 4 plans executed cleanly in parallel.

Verification: **Passed** (4/4 success criteria, 7/7 requirements covered)

━━━━━━━━━━━━━━━━━━━━━━━━━━━━━━━━━━━━━━━━━━━━━━━━━━━━━
 GSD ► PHASE 51 COMPLETE ✓
━━━━━━━━━━━━━━━━━━━━━━━━━━━━━━━━━━━━━━━━━━━━━━━━━━━━━

AUTOPILOT_STATUS: PHASE_COMPLETE
