━━━━━━━━━━━━━━━━━━━━━━━━━━━━━━━━━━━━━━━━━━━━━━━━━━━━━
 GSD ► PHASE 55 COMPLETE ✓
━━━━━━━━━━━━━━━━━━━━━━━━━━━━━━━━━━━━━━━━━━━━━━━━━━━━━

## Phase 55: Gas Optimization — Execution Summary

**Waves:** 2 | **Plans:** 4/4 complete | **Verification:** Passed (4/4 requirements)

| Wave | Plans | Status |
|------|-------|--------|
| 1 | 55-01, 55-02, 55-03 | ✓ Complete |
| 2 | 55-04 | ✓ Complete |

### Key Deliverables

| File | Content |
|------|---------|
| `audit/v3.5-gas-findings.md` | Master findings (13 findings: 3 GAS-LOW, 10 GAS-INFO) |
| `audit/v3.5-gas-storage-liveness-core.md` | Slots 0-24 liveness (49 vars, 2 DEAD) |
| `audit/v3.5-gas-storage-liveness-extended.md` | Slots 25-109 liveness (85 vars, 1 DEAD) |
| `audit/v3.5-gas-standalone-and-dead-code.md` | 11 standalone contracts + dead code sweep |

### Findings Summary

- **204 storage variables** analyzed across all contracts — **201 ALIVE, 3 DEAD**
- **3 DEAD variables**: `earlyBurnPercent` (write-only), `lootboxEthTotal` (write-only), `lootboxIndexQueue` (write-only, wastes ~20k gas/purchase)
- **5 dead code items**: 1 error (`TerminalDecAlreadyClaimed`), 4 events
- **8 packing opportunities** documented with gas savings estimates
- **0 redundant guards**, **0 unreachable branches**, **0 unused functions**

### Requirement Traceability

| Requirement | Status |
|-------------|--------|
| GAS-01 (storage liveness) | ✓ Satisfied |
| GAS-02 (dead code) | ✓ Satisfied |
| GAS-03 (packing opportunities) | ✓ Satisfied |
| GAS-04 (documented findings) | ✓ Satisfied |

AUTOPILOT_STATUS: PHASE_COMPLETE
