The .planning directory is gitignored — consistent with prior phases. The findings file was already committed in the task commits.

━━━━━━━━━━━━━━━━━━━━━━━━━━━━━━━━━━━━━━━━━━━━━━━━━━━━━
 GSD ► PHASE 35 COMPLETE ✓
━━━━━━━━━━━━━━━━━━━━━━━━━━━━━━━━━━━━━━━━━━━━━━━━━━━━━

**Phase 35: Peripheral Contracts** — 4 plans, 2 waves, 23 findings

| Contract | CMT | DRIFT | Total |
|----------|-----|-------|-------|
| BurnieCoinflip.sol | 5 | 0 | 5 |
| DegenerusQuests.sol | 6 | 0 | 6 |
| DegenerusJackpots.sol | 5 | 0 | 5 |
| DegenerusAffiliate.sol | 2 | 0 | 2 |
| DegenerusVault.sol | 2 | 0 | 2 |
| DegenerusDeityPass.sol | 0 | 0 | 0 |
| DegenerusTraitUtils.sol | 0 | 0 | 0 |
| DeityBoonViewer.sol | 0 | 0 | 0 |
| ContractAddresses.sol | 1 | 0 | 1 |
| Icons32Data.sol | 1 | 0 | 1 |
| **Total** | **22** | **1** | **23** |

Research: Completed
Verification: Passed (4/4 must-haves)

AUTOPILOT_STATUS: PHASE_COMPLETE
