Now returning the completion status as requested by the `--no-transition` flag.

## PHASE COMPLETE

**Phase:** 44 - Delta Audit + Redemption Correctness
**Plans:** 3/3
**Verification:** Passed (12/12 must-haves)

### Execution Summary

| Wave | Plans | Status |
|------|-------|--------|
| 1 | 44-01 (Finding Verdicts), 44-02 (Lifecycle Correctness) | ✓ Complete |
| 2 | 44-03 (Accounting + Solvency + Interaction) | ✓ Complete |

### Key Findings
- **CP-08 CONFIRMED HIGH** — `_deterministicBurnFrom` missing pendingRedemption deductions (double-spend)
- **CP-06 CONFIRMED HIGH** — `_gameOverEntropy` missing `resolveRedemptionPeriod()` (stranded claims)
- **Seam-1 CONFIRMED HIGH** — `DGNRS.burn()` records gambling claim under contract address (orphaned funds)
- **CP-07 CONFIRMED MEDIUM** — Coinflip dependency blocks entire claim at game-over boundary
- **CP-02 REFUTED INFO** — Zero sentinel safe by construction

### Deliverables
- `44-01-finding-verdicts.md` (557 lines) — 5 findings with C4A verdicts, evidence, fix recommendations
- `44-02-lifecycle-correctness.md` (720 lines) — Full lifecycle trace, state machine proofs, supply invariant
- `44-03-accounting-solvency-interaction.md` (795 lines) — Accounting, solvency proof, 26-entry interaction map, CEI verification, consolidated 12-requirement summary

### Commits (8 total)
All committed to main branch.

AUTOPILOT_STATUS: PHASE_COMPLETE
