━━━━━━━━━━━━━━━━━━━━━━━━━━━━━━━━━━━━━━━━━━━━━━━━━━━━━
 GSD ► PHASE 26 COMPLETE ✓
━━━━━━━━━━━━━━━━━━━━━━━━━━━━━━━━━━━━━━━━━━━━━━━━━━━━━

## ✓ Phase 26: GAMEOVER Path Audit Complete

**Waves:** 2 | **Plans:** 4/4 complete | **Requirements:** 9/9 verified | **Verification:** PASSED (12/12 must-haves)

| Req | Verdict | Description |
|-----|---------|-------------|
| GO-01 | PASS | handleGameOverDrain 10%/90% distribution sequence |
| GO-02 | PASS | handleFinalSweep 30-day claim window and forfeiture |
| GO-03 | PASS | Death clock triggers (365d level 0, 120d level 1+) |
| GO-04 | PASS | Distress mode activation/effects on lootbox routing |
| GO-05 | FINDING-MEDIUM | `_sendToVault` hard reverts can block terminal distribution |
| GO-06 | PASS | Reentrancy/CEI ordering — all state writes precede external calls |
| GO-07 | PASS | Deity pass refunds FIFO, budget cap, unchecked arithmetic safe |
| GO-08 | PASS | Terminal decimator integration — all 4 functions verified |
| GO-09 | PASS | VRF fallback guarantees GAMEOVER fires within 3 days |

**Overall Assessment:** SOUND (conditional on GO-05-F01 Medium finding)

**Artifacts:** 4 audit reports (1,930 lines total), FINAL-FINDINGS-REPORT.md updated, KNOWN-ISSUES.md updated

/gsd:progress — see updated roadmap
/gsd:plan-phase 27 — plan next phase (Payout/Claim Path Audit)

AUTOPILOT_STATUS: PHASE_COMPLETE
