All FIND requirements already show Complete. Everything is in order.

━━━━━━━━━━━━━━━━━━━━━━━━━━━━━━━━━━━━━━━━━━━━━━━━━━━━━
 GSD ► PHASE 53 COMPLETE ✓
━━━━━━━━━━━━━━━━━━━━━━━━━━━━━━━━━━━━━━━━━━━━━━━━━━━━━

## Phase 53: Consolidated Findings — Execution Complete

**Waves:** 1 | **Plans:** 1/1 complete

| Wave | Plans | Status |
|------|-------|--------|
| 1    | 53-01 | ✓ Complete |

### Plan Details
1. **53-01**: Master findings table — 6 v3.4 findings (1 MEDIUM, 5 INFO) + 30 v3.2 carry-forward, severity-sorted, with fix priority guide and source appendix

### Verification
- Score: 6/6 must-haves verified
- All 3 requirements (FIND-01, FIND-02, FIND-03) satisfied

### Key Deliverable
`audit/v3.4-findings-consolidated.md` — single self-contained document ready for C4A triage

### Issues Encountered
None

---

**Note:** Phase 53 is the last phase of v3.4. The milestone is complete.

AUTOPILOT_STATUS: PHASE_COMPLETE
