━━━━━━━━━━━━━━━━━━━━━━━━━━━━━━━━━━━━━━━━━━━━━━━━━━━━━
 GSD ► PHASE 29 COMPLETE ✓
━━━━━━━━━━━━━━━━━━━━━━━━━━━━━━━━━━━━━━━━━━━━━━━━━━━━━

**Phase 29: Comment/Documentation Correctness** — 6/6 plans, 2 waves, all verified

| Requirement | Verdict | Evidence |
|-------------|---------|----------|
| DOC-01 | PASS | 329 function NatSpec verdicts (323 MATCH, 3 DISCREPANCY-INFO, 4 MISSING-INFO) |
| DOC-02 | PASS | 1,334+ inline comments reviewed, 0 factual discrepancies |
| DOC-03 | PASS | EVM Slots 0/1/2 byte-offset arithmetic verified correct |
| DOC-04 | PASS | 210+ constants across 20 contracts, 0 value mismatches |
| DOC-05 | PASS | 8 stale entries fixed, 40+ File:Line refs corrected |

**Findings:** 0 Medium+, 0 Low, ~7 INFORMATIONAL (all cosmetic/stale comments)

**Audit reports produced:**
- `audit/v3.0-doc-core-game-natspec.md`
- `audit/v3.0-doc-module-natspec-part1.md`
- `audit/v3.0-doc-module-natspec-part2.md`
- `audit/v3.0-doc-peripheral-natspec.md`
- `audit/v3.0-doc-storage-constants.md`
- `audit/v3.0-doc-verification.md`

AUTOPILOT_STATUS: PHASE_COMPLETE
