Now returning completion status since `--no-transition` was specified.

━━━━━━━━━━━━━━━━━━━━━━━━━━━━━━━━━━━━━━━━━━━━━━━━━━━━━
 GSD ► PHASE 50 COMPLETE ✓
━━━━━━━━━━━━━━━━━━━━━━━━━━━━━━━━━━━━━━━━━━━━━━━━━━━━━

**Phase 50: Skim Redesign Audit** — 3 plans, 2 waves, 10/10 requirements verified

| Wave | Plans | Status |
|------|-------|--------|
| 1 | 50-01, 50-02 | ✓ Complete |
| 2 | 50-03 | ✓ Complete |

### Verdicts

| Req | Verdict | Summary |
|-----|---------|---------|
| SKIM-01 | SAFE | Overshoot monotonic + capped at 35% (calculus proof) |
| SKIM-02 | SAFE | Ratio adjustment bounded ±400 bps, drives to 0 not negative |
| SKIM-03 | INFO | Modulo uses full 256 bits (functional independence, not literal bit isolation) |
| SKIM-04 | SAFE | Triangular variance underflow safe (halfWidth clamped to ≤ take) |
| SKIM-05 | SAFE | 80% take cap holds post-variance |
| SKIM-06 | SAFE | ETH conservation proven algebraically (T and I cancel) |
| SKIM-07 | SAFE | Insurance exactly floor(N/100), sub-100-wei unreachable |
| ECON-01 | SAFE | Overshoot accelerates proportionally (R=3.0 → +2545 bps) |
| ECON-02 | SAFE | Stall escalation self-contained, no regression |
| ECON-03 | SAFE | Guard handles 0, bootstrap overshoot acceptable |

### Findings: 0 HIGH, 0 MEDIUM, 0 LOW, 3 INFO

Verification: **Passed** (10/10 must-haves)

AUTOPILOT_STATUS: PHASE_COMPLETE
