## PHASE COMPLETE

Phase: 78 - Edge Case Handling
Plans: 1/1
Verification: Passed (3/3 must-haves)

## Phase 78: Edge Case Handling Execution Complete

**Waves:** 1 | **Plans:** 1/1 complete

| Wave | Plans | Status |
|------|-------|--------|
| 1 | 78-01 | Complete |

### Plan Details
1. **78-01**: Proved EDGE-01 (no double-counting) and EDGE-02 (no re-processing) structurally safe via 5 Foundry tests + formal proof document. Zero contract code changes — both properties are inherent in the Phase 74-76 implementation.

### Test Results
- TicketEdgeCases: 5/5 pass
- TicketRouting regression: 12/12 pass
- TicketProcessingFF regression: 9/9 pass
- **Total: 26/26 pass, 0 regressions**

### Deliverables
- `test/fuzz/TicketEdgeCases.t.sol` — 5 Foundry tests as executable regression guards
- `.planning/phases/78-edge-case-handling/78-EDGE-PROOF.md` — Formal safety proof with exact source line references

### Issues Encountered
None

AUTOPILOT_STATUS: PHASE_COMPLETE
