Now let me present the final status.

━━━━━━━━━━━━━━━━━━━━━━━━━━━━━━━━━━━━━━━━━━━━━━━━━━━━━
 GSD ► PHASE 81 COMPLETE ✓
━━━━━━━━━━━━━━━━━━━━━━━━━━━━━━━━━━━━━━━━━━━━━━━━━━━━━

## Phase 81: Ticket Creation & Queue Mechanics — Execution Complete

**Waves:** 1 | **Plans:** 2/2 complete

| Wave | Plans | Status |
|------|-------|--------|
| 1 | 81-01, 81-02 | ✓ Complete |

### Plan Details
1. **81-01: Ticket Creation Entry Points** — 657-line audit tracing 16 ticket creation paths across 8 contracts with 135+ file:line citations. Found 3 discrepancies (stale v3.9 combined pool claims, sampleFarFutureTickets wrong key, stale NatSpec).
2. **81-02: Double-Buffer Queue Mechanics** — 645-line audit documenting three key encoding formulas, disjointness proof, ticketWriteSlot state machine, 7-contract consumer enumeration, swap triggers. Found 5 stale v3.9 claims + 1 new finding.

### Verification
- ✓ 8/8 must-haves verified against actual Solidity
- ✓ All 8 requirement IDs (TKT-01 through DSC-02) satisfied
- ✓ Code citations spot-checked against contracts
- ✓ 0 warnings

### Issues Encountered
None

## ✓ Phase 81: Ticket Creation & Queue Mechanics Complete

/gsd:discuss-phase 82 — discuss next phase before planning
/gsd:plan-phase 82 — plan next phase
/gsd:execute-phase 82 — execute next phase

AUTOPILOT_STATUS: PHASE_COMPLETE
