## PHASE COMPLETE

Phase: 19 - Delta Security Audit — sDGNRS/DGNRS Split
Plans: 2/2
Verification: Passed (8/8 must-haves)

### Execution Summary

| Wave | Plans | Status |
|------|-------|--------|
| 1 | 19-01 (Core contracts) | ✓ Complete |
| 2 | 19-02 (Consumer callsites + consolidated report) | ✓ Complete |

### Deliverables
- `audit/v2.0-delta-core-contracts.md` — 572-line core contract audit (sDGNRS + DGNRS)
- `audit/v2.0-delta-consumer-callsites.md` — 535-line consumer callsite audit (30 callsites)
- `audit/v2.0-delta-findings-consolidated.md` — 180-line consolidated findings report

### Findings
- 0 Critical, 0 High, 0 Medium
- 1 Low: DGNRS transfer-to-self token lock
- 4 Informational: stale poolBalances after burnRemainingPools, stray ETH locked in DGNRS, preview/burn claimable ETH mismatch, earlybird comment says "reward pool" but code correctly uses Lootbox
- All 8 DELTA requirements: PASS
- Supply invariant formally proven across all 6 modification paths
- 1065 tests passing, no regression

AUTOPILOT_STATUS: PHASE_COMPLETE
