STATE.md and ROADMAP.md already updated by executors. All 4 phases of v3.7 complete.

━━━━━━━━━━━━━━━━━━━━━━━━━━━━━━━━━━━━━━━━━━━━━━━━━━━━━
 GSD ► PHASE 66 COMPLETE ✓
━━━━━━━━━━━━━━━━━━━━━━━━━━━━━━━━━━━━━━━━━━━━━━━━━━━━━

**Phase 66: VRF Path Test Coverage** — 2 plans, 1 wave

| Plan | What it built | Tests | Status |
|------|---------------|-------|--------|
| 66-01 | VRFPathHandler (7 actions, 9 ghost vars) + invariant tests + parametric fuzz | 7 invariant + 6 fuzz | ✓ All pass |
| 66-02 | Halmos symbolic verification of redemption roll formula | 4 check_ functions | ✓ 0 counterexamples |

**Requirements closed:**
- TEST-01: lootboxRngIndex lifecycle — invariant_indexNeverSkips, invariant_noDoubleIncrement, invariant_everyIndexHasWord
- TEST-02: Stall-to-recovery — invariant_stallRecoveryValid, invariant_rngUnlockedAfterSwap
- TEST-03: Gap backfill — invariant_allGapDaysBackfilled + 6 parametric fuzz tests (1-day, 3-30 day, 120-day max, mid-day pending, entropy unique, index lifecycle)
- TEST-04: Halmos proof — [25, 175] bounds, determinism, modulo range, no truncation for all 2^256 inputs

**Files created:**
- `test/fuzz/handlers/VRFPathHandler.sol`
- `test/fuzz/invariant/VRFPathInvariants.inv.t.sol`
- `test/fuzz/VRFPathCoverage.t.sol`
- `test/halmos/RedemptionRoll.t.sol`

**Regression check:** Phase 65 (17/17 pass), Phase 63-64 pre-existing failures confirmed not from Phase 66.

**v3.7 milestone status:** 4/4 phases complete (63, 64, 65, 66)

AUTOPILOT_STATUS: PHASE_COMPLETE
