## Phase 80: Test Suite — Complete

**Plans:** 2/2 complete | **Wave:** 1/1 | **Tests:** 40/40 passing

| Plan | What it built | Status |
|------|---------------|--------|
| 80-01 | Coverage verification document mapping 34 existing tests to TEST-01-04 | Complete |
| 80-02 | FarFutureIntegration.t.sol — full protocol lifecycle test (TEST-05) | Complete |

### Key Deliverables
- **test/fuzz/FarFutureIntegration.t.sol** — 209 lines, deploys all 23 contracts, advances through 9 levels, asserts FF queue drain to zero via `vm.load` storage inspection
- **.planning/phases/80-test-suite/80-TEST-COVERAGE.md** — formal traceability document mapping each test function to its requirement
- **REQUIREMENTS.md** — all 5 TEST requirements marked Complete
- **VERIFICATION.md** — 5/5 must-haves verified, status: passed

### Test Results Summary
| Suite | Tests | Status |
|-------|-------|--------|
| FarFutureIntegrationTest | 1 | Pass |
| JackpotCombinedPoolTest | 8 | Pass |
| TicketEdgeCasesTest | 5 | Pass |
| TicketProcessingFFTest | 9 | Pass |
| TicketRoutingTest | 12 | Pass |
| TqFarFutureKeyTest | 5 | Pass |
| **Total** | **40** | **0 failures** |

AUTOPILOT_STATUS: PHASE_COMPLETE
